\BOOKMARK [0][-]{chapter*.2}{Abstract}{}% 1
\BOOKMARK [0][-]{chapter*.4}{Table of Contents}{}% 2
\BOOKMARK [0][-]{chapter.1}{1 Dielectric Measurement Methods at Microwave Frequencies}{}% 3
\BOOKMARK [1][-]{section.1.1}{1.1 Introduction}{chapter.1}% 4
\BOOKMARK [1][-]{section.1.2}{1.2 Dielectric Properties of Materials at Microwave Frequencies}{chapter.1}% 5
\BOOKMARK [1][-]{section.1.3}{1.3 Travelling-Wave Methods}{chapter.1}% 6
\BOOKMARK [1][-]{section.1.4}{1.4 Standing-Wave Methods}{chapter.1}% 7
\BOOKMARK [1][-]{section.1.5}{1.5 Planar Circuit Methods}{chapter.1}% 8
\BOOKMARK [1][-]{section.1.6}{1.6 Split-Post Dielectric Resonator Method}{chapter.1}% 9
\BOOKMARK [1][-]{section.1.7}{1.7 Open-Resonator Methods}{chapter.1}% 10
\BOOKMARK [0][-]{chapter.2}{2 Quality Factor Measurements}{}% 11
\BOOKMARK [1][-]{section.2.1}{2.1 Reflection-Type Measurements}{chapter.2}% 12
\BOOKMARK [1][-]{section.2.2}{2.2 Transmission-Type Measurements}{chapter.2}% 13
\BOOKMARK [1][-]{section.2.3}{2.3 Resonance Curve Measurements}{chapter.2}% 14
\BOOKMARK [1][-]{section.2.4}{2.4 Coupling and Measurement Resonators}{chapter.2}% 15
\BOOKMARK [1][-]{section.2.5}{2.5 Resonance Phenomena and Microwave Cavities}{chapter.2}% 16
\BOOKMARK [1][-]{section.2.6}{2.6 Coupling of Cavities}{chapter.2}% 17
\BOOKMARK [0][-]{chapter.3}{3 Split-Cylinder Resonator}{}% 18
\BOOKMARK [1][-]{section.3.1}{3.1 TE0n Modes}{chapter.3}% 19
\BOOKMARK [1][-]{section.3.2}{3.2 Coupling and Quality Factor Measurements of the Split-Cylinder Resonator}{chapter.3}% 20
\BOOKMARK [1][-]{section.3.3}{3.3 Modelling the Split-Cylinder Resonator}{chapter.3}% 21
\BOOKMARK [0][-]{chapter.4}{4 An Asymmetric Mode-Matching Model}{}% 22
\BOOKMARK [1][-]{section.4.1}{4.1 Fields of the Measurement Model}{chapter.4}% 23
\BOOKMARK [1][-]{section.4.2}{4.2 Losses of the Measurement Model}{chapter.4}% 24
\BOOKMARK [1][-]{section.4.3}{4.3 Fields of the Calibration Model}{chapter.4}% 25
\BOOKMARK [1][-]{section.4.4}{4.4 Losses of the Calibration Model}{chapter.4}% 26
\BOOKMARK [1][-]{section.4.5}{4.5 Convergence of Both Models}{chapter.4}% 27
\BOOKMARK [0][-]{chapter.5}{5 Measurement Results}{}% 28
\BOOKMARK [1][-]{section.5.1}{5.1 Measurement Setup}{chapter.5}% 29
\BOOKMARK [1][-]{section.5.2}{5.2 Measurement Flow}{chapter.5}% 30
\BOOKMARK [1][-]{section.5.3}{5.3 Uncertainty Budget of the M12 Matrix Model}{chapter.5}% 31
\BOOKMARK [1][-]{section.5.4}{5.4 Microwave Substrates - Comparison of Datasheet Values with Measurements}{chapter.5}% 32
\BOOKMARK [1][-]{section.5.5}{5.5 Common Plastics - Comparison of Reference Values with Measurements}{chapter.5}% 33
\BOOKMARK [1][-]{section.5.6}{5.6 Repeatability Study - Calibrations and Measurements}{chapter.5}% 34
\BOOKMARK [1][-]{section.5.7}{5.7 Broadband Measurements -Broadband Calibrations and Measurements}{chapter.5}% 35
\BOOKMARK [0][-]{chapter.6}{6 Conclusion}{}% 36
\BOOKMARK [0][-]{Appendix.1.A}{Appendix A }{}% 37
\BOOKMARK [1][-]{section.1.A.1}{A.1 Reflection Coefficient of a Coupled Resonant Circuit}{Appendix.1.A}% 38
\BOOKMARK [1][-]{section.1.A.2}{A.2 Transmission Coefficient of a Coupled Resonant Circuit}{Appendix.1.A}% 39
\BOOKMARK [1][-]{section.1.A.3}{A.3 Drawings}{Appendix.1.A}% 40
\BOOKMARK [0][-]{chapter*.71}{Bibliography}{}% 41
